<?xml version="1.0" encoding="UTF-8"?>
<!-- Generated by org.testng.reporters.JUnitReportReporter -->
<testsuite skipped="0" hostname="Phoenix" name="com.fsoft.test.AppTest" tests="3" failures="0" timestamp="20 May 2018 19:48:35 GMT" time="1.610" errors="0">
  <testcase name="verifyRegisterNewUser" time="0.765" classname="com.fsoft.test.AppTest"/>
  <testcase name="verifyLoginInvalid" time="0.304" classname="com.fsoft.test.AppTest"/>
  <testcase name="verifyLoginValid" time="0.541" classname="com.fsoft.test.AppTest"/>
</testsuite> <!-- com.fsoft.test.AppTest -->
